Removed Pin From Net: NetName=DVCC Pin=C1-1
Removed Pin From Net: NetName=DVCC Pin=C2-1
Removed Pin From Net: NetName=DVCC Pin=C3-1
Removed Pin From Net: NetName=DVCC Pin=C4-1
Removed Pin From Net: NetName=DVCC Pin=C5-1
Removed Pin From Net: NetName=DVCC Pin=C6-1
Removed Pin From Net: NetName=DVCC Pin=C7-1
Removed Pin From Net: NetName=DVCC Pin=C8-1
Removed Pin From Net: NetName=DVCC Pin=C9-1
Removed Pin From Net: NetName=DVCC Pin=C10-1
Removed Pin From Net: NetName=DVCC Pin=C11-1
Removed Pin From Net: NetName=DVCC Pin=C12-1
Removed Pin From Net: NetName=DVCC Pin=C13-1
Removed Pin From Net: NetName=DVCC Pin=C14-1
Removed Pin From Net: NetName=DVCC Pin=C15-1
Removed Pin From Net: NetName=DVCC Pin=C16-1
Removed Pin From Net: NetName=GND Pin=C16-2
Removed Pin From Net: NetName=DVCC Pin=C17-1
Removed Pin From Net: NetName=GND Pin=C17-2
Removed Member From Class: ClassName=shield Member=C16
Removed Member From Class: ClassName=shield Member=C17
Added Pin To Net: NetName=VCC Pin=C1-1
Added Pin To Net: NetName=VCC Pin=C2-1
Added Pin To Net: NetName=VCC Pin=C3-1
Added Pin To Net: NetName=VCC Pin=C4-1
Added Pin To Net: NetName=VCC Pin=C5-1
Added Pin To Net: NetName=VCC Pin=C6-1
Added Pin To Net: NetName=VCC Pin=C7-1
Added Pin To Net: NetName=VCC Pin=C8-1
Added Pin To Net: NetName=VCC Pin=C9-1
Added Pin To Net: NetName=VCC Pin=C10-1
Added Pin To Net: NetName=VCC Pin=C11-1
Added Pin To Net: NetName=VCC Pin=C12-1
Added Pin To Net: NetName=VCC Pin=C13-1
Added Pin To Net: NetName=VCC Pin=C14-1
Added Pin To Net: NetName=VCC Pin=C15-1
Added Member To Class: ClassName=shield Member=Component P1 22-28-4033
Added Member To Class: ClassName=shield Member=Component SW1 PTS645SH50SMTR92LFS
